[ 2015-08-09T08:23:49+08:00 ] ::1 /cmfx/index.php?g=user&m=index&a=is_login
INFO: [ app_begin ] --START--
INFO: Run Behavior\ReadHtmlCacheBehavior [ RunTime:0.001127s ]
INFO: Run Behavior\CheckLangBehavior [ RunTime:0.000991s ]
INFO: [ app_begin ] --END-- [ RunTime:0.002849s ]
NOTIC: [8] Undefined index: url D:\wamp\www\cmfx\application\Common\Controller\AppframeController.class.php 第 43 行.

[ 2015-08-09T09:13:20+08:00 ] ::1 /cmfx/index.php?g=user&m=index&a=is_login
INFO: [ app_begin ] --START--
INFO: Run Behavior\ReadHtmlCacheBehavior [ RunTime:0.000582s ]
INFO: Run Behavior\CheckLangBehavior [ RunTime:0.000871s ]
INFO: [ app_begin ] --END-- [ RunTime:0.002070s ]
NOTIC: [8] Undefined index: url D:\wamp\www\cmfx\application\Common\Controller\AppframeController.class.php 第 43 行.

[ 2015-08-09T09:15:50+08:00 ] ::1 /cmfx/index.php?g=user&m=register&a=doregister
INFO: [ app_begin ] --START--
INFO: Run Behavior\ReadHtmlCacheBehavior [ RunTime:0.000412s ]
INFO: Run Behavior\CheckLangBehavior [ RunTime:0.000598s ]
INFO: [ app_begin ] --END-- [ RunTime:0.001354s ]
SQL: SHOW COLUMNS FROM `sp_users` [ RunTime:0.0136s ]
SQL: SELECT COUNT(*) AS tp_count FROM `sp_users` WHERE `user_login` = 'lpd' OR `user_email` = '821807583@qq.com' LIMIT 1   [ RunTime:0.0005s ]

[ 2015-08-09T09:16:07+08:00 ] ::1 /cmfx/index.php?g=user&m=register&a=doregister
INFO: [ app_begin ] --START--
INFO: Run Behavior\ReadHtmlCacheBehavior [ RunTime:0.000362s ]
INFO: Run Behavior\CheckLangBehavior [ RunTime:0.000509s ]
INFO: [ app_begin ] --END-- [ RunTime:0.001197s ]

[ 2015-08-09T09:16:13+08:00 ] ::1 /cmfx/index.php?g=user&m=register&a=doregister
INFO: [ app_begin ] --START--
INFO: Run Behavior\ReadHtmlCacheBehavior [ RunTime:0.000323s ]
INFO: Run Behavior\CheckLangBehavior [ RunTime:0.000500s ]
INFO: [ app_begin ] --END-- [ RunTime:0.001133s ]

[ 2015-08-09T09:16:19+08:00 ] ::1 /cmfx/index.php?g=user&m=register&a=doregister
INFO: [ app_begin ] --START--
INFO: Run Behavior\ReadHtmlCacheBehavior [ RunTime:0.000345s ]
INFO: Run Behavior\CheckLangBehavior [ RunTime:0.000504s ]
INFO: [ app_begin ] --END-- [ RunTime:0.001165s ]

[ 2015-08-09T09:16:24+08:00 ] ::1 /cmfx/index.php?g=user&m=register&a=doregister
INFO: [ app_begin ] --START--
INFO: Run Behavior\ReadHtmlCacheBehavior [ RunTime:0.000324s ]
INFO: Run Behavior\CheckLangBehavior [ RunTime:0.000495s ]
INFO: [ app_begin ] --END-- [ RunTime:0.001135s ]
SQL: SHOW COLUMNS FROM `sp_users` [ RunTime:0.0104s ]
SQL: SELECT COUNT(*) AS tp_count FROM `sp_users` WHERE `user_login` = 'padro' OR `user_email` = '821807583@160.com' LIMIT 1   [ RunTime:0.0002s ]
SQL: INSERT INTO `sp_users` (`user_login`,`user_email`,`user_nicename`,`user_pass`,`last_login_ip`,`create_time`,`last_login_time`,`user_status`,`user_type`) VALUES ('padro','821807583@160.com','padro','c535018ee9466129bc27ed453d642d5d7da83433a9de89af','0.0.0.0','2015-08-09 09:16:24','2015-08-09 09:16:24','1','2') [ RunTime:0.0039s ]

[ 2015-08-09T09:16:26+08:00 ] ::1 /cmfx/index.php?g=user&m=index&a=is_login
INFO: [ app_begin ] --START--
INFO: Run Behavior\ReadHtmlCacheBehavior [ RunTime:0.000528s ]
INFO: Run Behavior\CheckLangBehavior [ RunTime:0.000833s ]
INFO: [ app_begin ] --END-- [ RunTime:0.001916s ]
NOTIC: [8] Undefined index: url D:\wamp\www\cmfx\application\Common\Controller\AppframeController.class.php 第 43 行.

[ 2015-08-09T09:38:14+08:00 ] ::1 /cmfx/index.php?g=user&m=index&a=is_login
INFO: [ app_begin ] --START--
INFO: Run Behavior\ReadHtmlCacheBehavior [ RunTime:0.001907s ]
INFO: Run Behavior\CheckLangBehavior [ RunTime:0.003426s ]
INFO: [ app_begin ] --END-- [ RunTime:0.006410s ]
NOTIC: [8] Undefined index: url D:\wamp\www\cmfx\application\Common\Controller\AppframeController.class.php 第 43 行.

[ 2015-08-09T09:38:56+08:00 ] ::1 /cmfx/index.php?g=user&m=index&a=is_login
INFO: [ app_begin ] --START--
INFO: Run Behavior\ReadHtmlCacheBehavior [ RunTime:0.004068s ]
INFO: Run Behavior\CheckLangBehavior [ RunTime:0.001481s ]
INFO: [ app_begin ] --END-- [ RunTime:0.008622s ]
NOTIC: [8] Undefined index: url D:\wamp\www\cmfx\application\Common\Controller\AppframeController.class.php 第 43 行.

